

*******************************************************************************
Mon Oct 30 12:24:03 2023


FIT:    data read from 'data.txt'
        format = z
        x range restricted to [0.00000 : 1.00000]
        #datapoints = 8
        residuals are weighted equally (unit weight)

function used for fitting: f(x)
	f(x) = a*x**2 + b*x + c
fitted parameters initialized with current variable values

iter      chisq       delta/lim  lambda   a             b             c            
   0 7.5089844789e+00   0.00e+00  6.36e-01    1.000000e+00   1.000000e+00   1.000000e+00
   4 4.9905013644e-03  -9.32e-02  6.36e-05    2.194083e-01   1.495134e+00   9.742881e-03

After 4 iterations the fit converged.
final sum of squares of residuals : 0.0049905
rel. change during last iteration : -9.31573e-07

degrees of freedom    (FIT_NDF)                        : 5
rms of residuals      (FIT_STDFIT) = sqrt(WSSR/ndf)    : 0.0315927
variance of residuals (reduced chisquare) = WSSR/ndf   : 0.0009981

Final set of parameters            Asymptotic Standard Error
=======================            ==========================
a               = 0.219408         +/- 0.2114       (96.34%)
b               = 1.49513          +/- 0.1585       (10.6%)
c               = 0.00974288       +/- 0.01998      (205%)

correlation matrix of the fit parameters:
                a      b      c      
a               1.000 
b              -0.964  1.000 
c               0.575 -0.713  1.000 


*******************************************************************************
Mon Oct 30 19:40:04 2023


FIT:    data read from 'data.txt'
        format = z
        x range restricted to [0.00000 : 1.00000]
BREAK: No data to fit

*******************************************************************************
Mon Oct 30 19:40:54 2023


FIT:    data read from 'data.txt'
        format = z
        x range restricted to [0.00000 : 1.00000]
BREAK: No data to fit